2024-07-03 19:30:31,431 [INFO] Activator:176 - 


2024-07-03 19:30:31,436 [INFO] Activator:177 - !SESSION log4j initialized
2024-07-03 19:30:34,975 [INFO] LogOutputStream:77 - [STDOUT_REDIRECT] 
2024-07-03 19:30:36,688 [INFO] LogOutputStream:77 - [STDOUT_REDIRECT] 
2024-07-03 19:30:37,128 [ERROR] LogOutputStream:75 - [STDERR_REDIRECT] 
2024-07-03 19:30:37,903 [INFO] ApplicationProperties:184 - Using Application install path: /Applications/STM32CubeIDE.app/Contents/Eclipse/plugins/com.st.stm32cube.common.mx_6.11.1.202404110753
2024-07-03 19:30:37,925 [INFO] DbMcusXml:78 - Set database path to: /Applications/STM32CubeIDE.app/Contents/Eclipse/plugins/com.st.stm32cube.common.mx_6.11.1.202404110753//db//mcu/
2024-07-03 19:30:37,925 [INFO] ApiDb:274 - Set plugin database path to: /Applications/STM32CubeIDE.app/Contents/Eclipse/plugins/com.st.stm32cube.common.mx_6.11.1.202404110753//db//plugins/boardmanager/
2024-07-03 19:30:37,926 [WARN] ApiDb:259 - Overriding images path with different value:  => /Applications/STM32CubeIDE.app/Contents/Eclipse/plugins/com.st.stm32cube.common.mx_6.11.1.202404110753//db//plugins/mcufinder/images/
2024-07-03 19:30:37,937 [INFO] ApiDb:250 - Set database path to: /Users/jamesgarvey/.stmcufinder/plugins/mcufinder//mcu/
2024-07-03 19:30:37,939 [INFO] DbMcusAds:125 - Set database path to: /Users/jamesgarvey/.stmcufinder/plugins/mcufinder//mcu/
2024-07-03 19:30:37,941 [INFO] CrossReferenceDbSqlite:203 - Set database path to: /Users/jamesgarvey/.stmcufinder/plugins/mcufinder//mcu/cs/
2024-07-03 19:30:38,059 [INFO] RulesReader:64 - Compatibility file has been processed (297 Rules)
2024-07-03 19:30:38,128 [INFO] DbMcusXml:78 - Set database path to: /Applications/STM32CubeIDE.app/Contents/Eclipse/plugins/com.st.stm32cube.common.mx_6.11.1.202404110753//db//mcu/
2024-07-03 19:30:38,128 [INFO] ApiDb:274 - Set plugin database path to: /Applications/STM32CubeIDE.app/Contents/Eclipse/plugins/com.st.stm32cube.common.mx_6.11.1.202404110753//db//plugins/boardmanager/
2024-07-03 19:30:38,128 [INFO] ApiDb:261 - Set plugin images path to: /Applications/STM32CubeIDE.app/Contents/Eclipse/plugins/com.st.stm32cube.common.mx_6.11.1.202404110753//db//plugins/mcufinder/images/
2024-07-03 19:30:38,129 [WARN] DbFile:41 - Overriding database path with different value: /Users/jamesgarvey/.stmcufinder/plugins/mcufinder/ => /Users/jamesgarvey/.stmcufinder/plugins/mcufinder
2024-07-03 19:30:38,129 [INFO] ApiDb:250 - Set database path to: /Users/jamesgarvey/.stmcufinder/plugins/mcufinder//mcu/
2024-07-03 19:30:38,129 [WARN] DbFile:41 - Overriding database path with different value: /Users/jamesgarvey/.stmcufinder/plugins/mcufinder/ => /Users/jamesgarvey/.stmcufinder/plugins/mcufinder
2024-07-03 19:30:38,129 [INFO] DbMcusAds:125 - Set database path to: /Users/jamesgarvey/.stmcufinder/plugins/mcufinder//mcu/
2024-07-03 19:30:38,129 [WARN] DbFile:41 - Overriding database path with different value: /Users/jamesgarvey/.stmcufinder/plugins/mcufinder/ => /Users/jamesgarvey/.stmcufinder/plugins/mcufinder
2024-07-03 19:30:38,129 [WARN] DbFile:41 - Overriding database path with different value: /Users/jamesgarvey/.stmcufinder/plugins/mcufinder/ => /Users/jamesgarvey/.stmcufinder/plugins/mcufinder
2024-07-03 19:30:38,129 [INFO] CrossReferenceDbSqlite:203 - Set database path to: /Users/jamesgarvey/.stmcufinder/plugins/mcufinder//mcu/cs/
2024-07-03 19:30:38,207 [INFO] MainPanel:264 - HeapMemory: 268435456
2024-07-03 19:30:38,309 [INFO] DbMcusXml:78 - Set database path to: /Applications/STM32CubeIDE.app/Contents/Eclipse/plugins/com.st.stm32cube.common.mx_6.11.1.202404110753//db//mcu/
2024-07-03 19:30:38,309 [INFO] ApiDb:274 - Set plugin database path to: /Applications/STM32CubeIDE.app/Contents/Eclipse/plugins/com.st.stm32cube.common.mx_6.11.1.202404110753//db//plugins/boardmanager/
2024-07-03 19:30:38,309 [INFO] ApiDb:261 - Set plugin images path to: /Applications/STM32CubeIDE.app/Contents/Eclipse/plugins/com.st.stm32cube.common.mx_6.11.1.202404110753//db//plugins/mcufinder/images/
2024-07-03 19:30:38,309 [WARN] DbFile:41 - Overriding database path with different value: /Users/jamesgarvey/.stmcufinder/plugins/mcufinder/ => /Users/jamesgarvey/.stmcufinder/plugins/mcufinder
2024-07-03 19:30:38,310 [INFO] ApiDb:250 - Set database path to: /Users/jamesgarvey/.stmcufinder/plugins/mcufinder//mcu/
2024-07-03 19:30:38,310 [WARN] DbFile:41 - Overriding database path with different value: /Users/jamesgarvey/.stmcufinder/plugins/mcufinder/ => /Users/jamesgarvey/.stmcufinder/plugins/mcufinder
2024-07-03 19:30:38,310 [INFO] DbMcusAds:125 - Set database path to: /Users/jamesgarvey/.stmcufinder/plugins/mcufinder//mcu/
2024-07-03 19:30:38,310 [WARN] DbFile:41 - Overriding database path with different value: /Users/jamesgarvey/.stmcufinder/plugins/mcufinder/ => /Users/jamesgarvey/.stmcufinder/plugins/mcufinder
2024-07-03 19:30:38,310 [WARN] DbFile:41 - Overriding database path with different value: /Users/jamesgarvey/.stmcufinder/plugins/mcufinder/ => /Users/jamesgarvey/.stmcufinder/plugins/mcufinder
2024-07-03 19:30:38,310 [INFO] CrossReferenceDbSqlite:203 - Set database path to: /Users/jamesgarvey/.stmcufinder/plugins/mcufinder//mcu/cs/
2024-07-03 19:30:38,326 [INFO] ApplicationProperties:184 - Using Application install path: /Applications/STM32CubeIDE.app/Contents/Eclipse/plugins/com.st.stm32cube.common.mx_6.11.1.202404110753
2024-07-03 19:30:38,327 [INFO] PluginManage:196 - Search for loadable plugins [exclusion list=, ]
2024-07-03 19:30:38,328 [INFO] PluginManage:310 - Check plugin analytics
2024-07-03 19:30:38,503 [INFO] AnalyticsPlugin:253 - Accepted Software Licenses: STM32CubeMX.6.10.0
2024-07-03 19:30:38,504 [INFO] AnalyticsPlugin:255 - Accepted CMSIS Pack Licenses: 
2024-07-03 19:30:38,504 [INFO] AnalyticsPlugin:257 - Accepted Firmware Licenses: FW.F7.1.17.0
2024-07-03 19:30:38,506 [INFO] PluginManage:359 - Loaded plugin analytics (category:tool,tabindex:-1)
2024-07-03 19:30:38,506 [INFO] PluginManage:310 - Check plugin cadmodel
2024-07-03 19:30:39,094 [INFO] CADModel:105 - Init CAD model plugin
2024-07-03 19:30:39,094 [INFO] PluginManage:359 - Loaded plugin cadmodel (category:power,tabindex:5)
2024-07-03 19:30:39,094 [INFO] PluginManage:310 - Check plugin clock
2024-07-03 19:30:39,105 [INFO] PluginManage:359 - Loaded plugin clock (category:base,tabindex:2)
2024-07-03 19:30:39,106 [INFO] PluginManage:310 - Check plugin ddr
2024-07-03 19:30:39,108 [INFO] PluginManage:359 - Loaded plugin ddr (category:tool,tabindex:6)
2024-07-03 19:30:39,108 [INFO] PluginManage:310 - Check plugin filemanager
2024-07-03 19:30:39,288 [INFO] PluginManage:359 - Loaded plugin filemanager (category:base,tabindex:10)
2024-07-03 19:30:39,288 [INFO] PluginManage:310 - Check plugin ipmanager
2024-07-03 19:30:39,297 [INFO] PluginManage:359 - Loaded plugin ipmanager (category:base,tabindex:5)
2024-07-03 19:30:39,297 [INFO] PluginManage:310 - Check plugin lpbam
2024-07-03 19:30:39,310 [INFO] PluginManage:359 - Loaded plugin lpbam (category:base,tabindex:0)
2024-07-03 19:30:39,310 [INFO] PluginManage:310 - Check plugin memorymap
2024-07-03 19:30:39,330 [INFO] PluginManage:359 - Loaded plugin memorymap (category:base,tabindex:4)
2024-07-03 19:30:39,330 [INFO] PluginManage:310 - Check plugin pinoutandconfiguration
2024-07-03 19:30:39,339 [INFO] PluginManage:359 - Loaded plugin pinoutandconfiguration (category:base,tabindex:1)
2024-07-03 19:30:39,340 [INFO] PluginManage:310 - Check plugin pinoutconfig
2024-07-03 19:30:39,443 [WARN] SupportedApi:132 - Cannot load RTOS API schema: s4s-elt-must-match.1: The content of 'definitions' must match (annotation?, (simpleType | complexType)?, (unique | key | keyref)*)). A problem was found starting at: attribute.
2024-07-03 19:30:39,591 [INFO] PluginManage:359 - Loaded plugin pinoutconfig (category:base,tabindex:0)
2024-07-03 19:30:39,591 [INFO] PluginManage:310 - Check plugin power
2024-07-03 19:30:39,603 [INFO] PluginManage:359 - Loaded plugin power (category:power,tabindex:4)
2024-07-03 19:30:39,603 [INFO] PluginManage:310 - Check plugin projectmanager
2024-07-03 19:30:39,619 [INFO] PluginManage:359 - Loaded plugin projectmanager (category:projectmanager,tabindex:3)
2024-07-03 19:30:39,620 [INFO] PluginManage:310 - Check plugin thirdparty
2024-07-03 19:30:39,762 [INFO] PluginManage:359 - Loaded plugin thirdparty (category:base,tabindex:-1)
2024-07-03 19:30:39,762 [WARN] IntegrityCheckThread:84 - waiting for thirdparty lock release [integrity check]
2024-07-03 19:30:39,763 [INFO] PluginManage:310 - Check plugin tools
2024-07-03 19:30:39,763 [INFO] IntegrityCheckThread:86 - entering critical section [integrity check]
2024-07-03 19:30:39,763 [INFO] ThirdPartyUpdaterWithRetryManager:70 - Updater plugin not ready yet. [1/15]
2024-07-03 19:30:39,765 [INFO] PluginManage:359 - Loaded plugin tools (category:base,tabindex:7)
2024-07-03 19:30:39,766 [INFO] PluginManage:310 - Check plugin tutovideos
2024-07-03 19:30:39,940 [INFO] PluginManage:359 - Loaded plugin tutovideos (category:base,tabindex:-1)
2024-07-03 19:30:39,940 [INFO] PluginManage:310 - Check plugin updater
2024-07-03 19:30:39,952 [INFO] PluginManage:359 - Loaded plugin updater (category:base,tabindex:12)
2024-07-03 19:30:39,952 [INFO] PluginManage:310 - Check plugin userauth
2024-07-03 19:30:39,958 [INFO] UserAuth:114 - Init User Auth plugin
2024-07-03 19:30:39,959 [INFO] PluginManage:359 - Loaded plugin userauth (category:base,tabindex:14)
2024-07-03 19:30:39,959 [INFO] PluginManage:283 - PluginManage : Loaded plugins [17]
2024-07-03 19:30:40,161 [INFO] PinOutPanel:1561 - setPackage(No Configuration,No Configuration)
2024-07-03 19:30:40,233 [INFO] CADModel:165 - CPN selected for project level
2024-07-03 19:30:40,234 [INFO] CADModel:114 - Register for checkConnection events
2024-07-03 19:30:40,245 [INFO] IPUIPlugin:80 - create IPUIPlugin
2024-07-03 19:30:40,246 [INFO] PluginManager:220 - loadIPPluginJar : add mdma
2024-07-03 19:30:40,253 [INFO] IPUIPlugin:80 - create IPUIPlugin
2024-07-03 19:30:40,254 [INFO] PluginManager:220 - loadIPPluginJar : add freertos
2024-07-03 19:30:40,259 [INFO] IPUIPlugin:80 - create IPUIPlugin
2024-07-03 19:30:40,259 [INFO] PluginManager:220 - loadIPPluginJar : add gic
2024-07-03 19:30:40,268 [INFO] IPUIPlugin:80 - create IPUIPlugin
2024-07-03 19:30:40,268 [INFO] PluginManager:220 - loadIPPluginJar : add adc
2024-07-03 19:30:40,272 [INFO] IPUIPlugin:80 - create IPUIPlugin
2024-07-03 19:30:40,272 [INFO] PluginManager:220 - loadIPPluginJar : add gtzc
2024-07-03 19:30:40,273 [INFO] IPUIPlugin:80 - create IPUIPlugin
2024-07-03 19:30:40,273 [INFO] PluginManager:220 - loadIPPluginJar : add quadspi
2024-07-03 19:30:40,276 [INFO] IPUIPlugin:80 - create IPUIPlugin
2024-07-03 19:30:40,276 [INFO] PluginManager:220 - loadIPPluginJar : add aes
2024-07-03 19:30:40,278 [INFO] IPUIPlugin:80 - create IPUIPlugin
2024-07-03 19:30:40,278 [INFO] PluginManager:220 - loadIPPluginJar : add pdm2pcm
2024-07-03 19:30:40,280 [INFO] IPUIPlugin:80 - create IPUIPlugin
2024-07-03 19:30:40,280 [INFO] PluginManager:220 - loadIPPluginJar : add hash
2024-07-03 19:30:40,282 [INFO] IPUIPlugin:80 - create IPUIPlugin
2024-07-03 19:30:40,282 [INFO] PluginManager:220 - loadIPPluginJar : add tim
2024-07-03 19:30:40,283 [INFO] IPUIPlugin:80 - create IPUIPlugin
2024-07-03 19:30:40,283 [INFO] PluginManager:220 - loadIPPluginJar : add tsc
2024-07-03 19:30:40,285 [INFO] IPUIPlugin:80 - create IPUIPlugin
2024-07-03 19:30:40,285 [INFO] PluginManager:220 - loadIPPluginJar : add extmemmanager
2024-07-03 19:30:40,286 [INFO] IPUIPlugin:80 - create IPUIPlugin
2024-07-03 19:30:40,286 [INFO] PluginManager:220 - loadIPPluginJar : add ts
2024-07-03 19:30:40,289 [INFO] IPUIPlugin:80 - create IPUIPlugin
2024-07-03 19:30:40,289 [INFO] PluginManager:220 - loadIPPluginJar : add can
2024-07-03 19:30:40,291 [INFO] IPUIPlugin:80 - create IPUIPlugin
2024-07-03 19:30:40,291 [INFO] PluginManager:220 - loadIPPluginJar : add dma3
2024-07-03 19:30:40,293 [INFO] IPUIPlugin:80 - create IPUIPlugin
2024-07-03 19:30:40,293 [INFO] PluginManager:220 - loadIPPluginJar : add dfsdm
2024-07-03 19:30:40,294 [INFO] IPUIPlugin:80 - create IPUIPlugin
2024-07-03 19:30:40,294 [INFO] PluginManager:220 - loadIPPluginJar : add spi
2024-07-03 19:30:40,296 [INFO] IPUIPlugin:80 - create IPUIPlugin
2024-07-03 19:30:40,296 [INFO] PluginManager:220 - loadIPPluginJar : add gfxmmu
2024-07-03 19:30:40,297 [INFO] IPUIPlugin:80 - create IPUIPlugin
2024-07-03 19:30:40,297 [INFO] PluginManager:220 - loadIPPluginJar : add genericplugin
2024-07-03 19:30:40,298 [INFO] IPUIPlugin:80 - create IPUIPlugin
2024-07-03 19:30:40,298 [INFO] PluginManager:220 - loadIPPluginJar : add cryp
2024-07-03 19:30:40,301 [INFO] IPUIPlugin:80 - create IPUIPlugin
2024-07-03 19:30:40,301 [INFO] PluginManager:220 - loadIPPluginJar : add gpio
2024-07-03 19:30:40,303 [INFO] IPUIPlugin:80 - create IPUIPlugin
2024-07-03 19:30:40,303 [INFO] PluginManager:220 - loadIPPluginJar : add comp
2024-07-03 19:30:40,305 [INFO] IPUIPlugin:80 - create IPUIPlugin
2024-07-03 19:30:40,305 [INFO] PluginManager:220 - loadIPPluginJar : add tracer_emb
2024-07-03 19:30:40,309 [INFO] IPUIPlugin:80 - create IPUIPlugin
2024-07-03 19:30:40,309 [INFO] PluginManager:220 - loadIPPluginJar : add openamp
2024-07-03 19:30:40,314 [INFO] IPUIPlugin:80 - create IPUIPlugin
2024-07-03 19:30:40,315 [INFO] PluginManager:220 - loadIPPluginJar : add stm32_wpan
2024-07-03 19:30:40,320 [INFO] IPUIPlugin:80 - create IPUIPlugin
2024-07-03 19:30:40,322 [INFO] PluginManager:220 - loadIPPluginJar : add plateformsettings
2024-07-03 19:30:40,326 [INFO] IPUIPlugin:80 - create IPUIPlugin
2024-07-03 19:30:40,326 [INFO] PluginManager:220 - loadIPPluginJar : add ipddr
2024-07-03 19:30:40,329 [INFO] IPUIPlugin:80 - create IPUIPlugin
2024-07-03 19:30:40,329 [INFO] PluginManager:220 - loadIPPluginJar : add usart
2024-07-03 19:30:40,330 [INFO] IPUIPlugin:80 - create IPUIPlugin
2024-07-03 19:30:40,330 [INFO] PluginManager:220 - loadIPPluginJar : add ltdc
2024-07-03 19:30:40,334 [INFO] IPUIPlugin:80 - create IPUIPlugin
2024-07-03 19:30:40,334 [INFO] PluginManager:220 - loadIPPluginJar : add nvic
2024-07-03 19:30:40,335 [INFO] IPUIPlugin:80 - create IPUIPlugin
2024-07-03 19:30:40,335 [INFO] PluginManager:220 - loadIPPluginJar : add fatfs
2024-07-03 19:30:40,341 [INFO] IPUIPlugin:80 - create IPUIPlugin
2024-07-03 19:30:40,341 [INFO] PluginManager:220 - loadIPPluginJar : add linkedlist
2024-07-03 19:30:40,346 [INFO] IPUIPlugin:80 - create IPUIPlugin
2024-07-03 19:30:40,346 [INFO] PluginManager:220 - loadIPPluginJar : add dma
2024-07-03 19:30:40,349 [INFO] IPUIPlugin:80 - create IPUIPlugin
2024-07-03 19:30:40,349 [INFO] PluginManager:220 - loadIPPluginJar : add fmc
2024-07-03 19:30:40,351 [INFO] IPUIPlugin:80 - create IPUIPlugin
2024-07-03 19:30:40,351 [INFO] PluginManager:220 - loadIPPluginJar : add i2s
2024-07-03 19:30:40,352 [INFO] IPUIPlugin:80 - create IPUIPlugin
2024-07-03 19:30:40,352 [INFO] PluginManager:220 - loadIPPluginJar : add ucpd
2024-07-03 19:30:40,354 [INFO] IPUIPlugin:80 - create IPUIPlugin
2024-07-03 19:30:40,354 [INFO] PluginManager:220 - loadIPPluginJar : add lorawan
2024-07-03 19:30:40,357 [INFO] IPUIPlugin:80 - create IPUIPlugin
2024-07-03 19:30:40,357 [INFO] PluginManager:220 - loadIPPluginJar : add opamp
2024-07-03 19:30:40,359 [INFO] IPUIPlugin:80 - create IPUIPlugin
2024-07-03 19:30:40,359 [INFO] PluginManager:220 - loadIPPluginJar : add i3c
2024-07-03 19:30:40,361 [INFO] IPUIPlugin:80 - create IPUIPlugin
2024-07-03 19:30:40,361 [INFO] PluginManager:220 - loadIPPluginJar : add touchsensing
2024-07-03 19:30:40,363 [INFO] IPUIPlugin:80 - create IPUIPlugin
2024-07-03 19:30:40,363 [INFO] PluginManager:220 - loadIPPluginJar : add i2c
2024-07-03 19:30:40,366 [INFO] IPUIPlugin:80 - create IPUIPlugin
2024-07-03 19:30:40,366 [INFO] PluginManager:220 - loadIPPluginJar : add resmgrutility
2024-07-03 19:30:40,368 [INFO] IPUIPlugin:80 - create IPUIPlugin
2024-07-03 19:30:40,368 [INFO] PluginManager:220 - loadIPPluginJar : add sai
2024-07-03 19:30:40,370 [INFO] IPUIPlugin:80 - create IPUIPlugin
2024-07-03 19:30:40,371 [INFO] PluginManager:220 - loadIPPluginJar : add usbx
2024-07-03 19:30:40,482 [INFO] CADModel:165 - CPN selected for project level
2024-07-03 19:30:40,482 [INFO] CADModel:114 - Register for checkConnection events
2024-07-03 19:30:40,482 [FATAL] Updater:308 - Updater called before beeing initialized
2024-07-03 19:30:40,483 [ERROR] CADModel:125 - Updater not yet initialized, retry later 
2024-07-03 19:30:40,712 [INFO] CADModel:165 - CPN selected for project level
2024-07-03 19:30:40,712 [INFO] CADModel:114 - Register for checkConnection events
2024-07-03 19:30:40,712 [FATAL] Updater:308 - Updater called before beeing initialized
2024-07-03 19:30:40,712 [ERROR] CADModel:125 - Updater not yet initialized, retry later 
2024-07-03 19:30:40,715 [FATAL] Updater:308 - Updater called before beeing initialized
2024-07-03 19:30:40,825 [FATAL] Updater:308 - Updater called before beeing initialized
2024-07-03 19:30:40,830 [INFO] DbMcusAds:53 - JSON generation date=Thu May 16 10:22:00 BST 2024 (1715851320852)
2024-07-03 19:30:40,830 [FATAL] Updater:308 - Updater called before beeing initialized
2024-07-03 19:30:40,899 [WARN] DetailPanel:346 - Failed to get advertising image, set to default
2024-07-03 19:30:40,966 [FATAL] Updater:308 - Updater called before beeing initialized
2024-07-03 19:30:40,969 [FATAL] Updater:308 - Updater called before beeing initialized
2024-07-03 19:30:40,969 [FATAL] Updater:308 - Updater called before beeing initialized
2024-07-03 19:30:40,969 [WARN] DetailPanel:346 - Failed to get advertising image, set to default
2024-07-03 19:30:40,970 [FATAL] Updater:308 - Updater called before beeing initialized
2024-07-03 19:30:40,995 [ERROR] Updater:1120 - MainUpdater not yet initialized. External WinMGr cannot be set.
2024-07-03 19:30:40,996 [INFO] Updater:1056 - Updater Version found : 6.11.1
2024-07-03 19:30:41,012 [INFO] ApplicationProperties:184 - Using Application install path: /Applications/STM32CubeIDE.app/Contents/Eclipse/plugins/com.st.stm32cube.common.mx_6.11.1.202404110753
2024-07-03 19:30:42,088 [INFO] MainUpdater:2873 - connection check result : 10
2024-07-03 19:30:42,089 [INFO] MainUpdater:290 - Updater Check For Update Now.
2024-07-03 19:30:42,089 [INFO] MicroXplorer:498 - Change Database Version : DB.6.0.111
2024-07-03 19:30:42,094 [INFO] McuFinderGlobals:63 - Set McuFinder mode to 2 (CubeIDE integrated)
2024-07-03 19:30:42,101 [INFO] UserAuth:415 - Internet connection configuration mode: 1
2024-07-03 19:30:42,119 [INFO] JxBrowserEngine:152 - Initiate JxBrowser Engine with user profile folder
2024-07-03 19:30:42,271 [INFO] CheckServerUpdateThread:120 - End of CheckServer Thread
2024-07-03 19:30:42,962 [WARN] PackLoader:240 - Cannot read IP mode file for STMicroelectronics.FP-SNS-MOTENVWB1.1.4.0
2024-07-03 19:30:42,974 [WARN] PackLoader:240 - Cannot read IP mode file for STMicroelectronics.X-CUBE-SMBUS.2.1.0
2024-07-03 19:30:43,016 [WARN] PackLoader:240 - Cannot read IP mode file for STMicroelectronics.X-CUBE-AZRTOS-F7.1.1.0
2024-07-03 19:30:43,035 [WARN] PackLoader:240 - Cannot read IP mode file for STMicroelectronics.FP-SNS-MOTENV1.4.3.2
2024-07-03 19:30:43,045 [WARN] PackLoader:240 - Cannot read IP mode file for STMicroelectronics.FP-SNS-FLIGHT1.5.0.2
2024-07-03 19:30:43,058 [WARN] PackLoader:240 - Cannot read IP mode file for STMicroelectronics.X-CUBE-DISPLAY.3.0.0
2024-07-03 19:30:43,075 [WARN] PackLoader:240 - Cannot read IP mode file for STMicroelectronics.X-CUBE-BLE1.7.0.0
2024-07-03 19:30:43,084 [WARN] PackLoader:240 - Cannot read IP mode file for emotas.I-CUBE-CANOPEN.1.3.0
2024-07-03 19:30:43,099 [WARN] PackLoader:240 - Cannot read IP mode file for STMicroelectronics.X-CUBE-BLEMGR.3.1.0
2024-07-03 19:30:43,109 [WARN] PackLoader:240 - Cannot read IP mode file for STMicroelectronics.FP-SNS-SMARTAG2.1.2.0
2024-07-03 19:30:43,123 [INFO] LogOutputStream:77 - [STDOUT_REDIRECT] 1 : Invalid condition id : UX_CORESTACK_Condition cause : null
2024-07-03 19:30:43,124 [INFO] LogOutputStream:77 - [STDOUT_REDIRECT] 1 : Invalid condition id : UX_CORESTACK_Condition cause : null
2024-07-03 19:30:43,124 [INFO] LogOutputStream:77 - [STDOUT_REDIRECT] 1 : Invalid condition id : UX_CORESTACK_Condition cause : null
2024-07-03 19:30:43,124 [INFO] LogOutputStream:77 - [STDOUT_REDIRECT] 1 : Invalid condition id : UX_CORESTACK_Condition cause : null
2024-07-03 19:30:43,125 [INFO] LogOutputStream:77 - [STDOUT_REDIRECT] 1 : Invalid condition id : UX_CORESTACK_Condition cause : null
2024-07-03 19:30:43,131 [WARN] PackLoader:240 - Cannot read IP mode file for STMicroelectronics.X-CUBE-AZRTOS-WL.2.0.0
2024-07-03 19:30:43,139 [WARN] PackLoader:240 - Cannot read IP mode file for STMicroelectronics.FP-SNS-MOTENV1.5.0.0
2024-07-03 19:30:43,146 [WARN] PackLoader:240 - Cannot read IP mode file for wolfSSL.I-CUBE-wolfMQTT.1.19.0
2024-07-03 19:30:43,158 [WARN] PackLoader:240 - Cannot read IP mode file for WES.I-CUBE-Cesium.1.3.0
2024-07-03 19:30:43,164 [WARN] PackLoader:240 - Cannot read IP mode file for STMicroelectronics.X-CUBE-BLE2.3.3.0
2024-07-03 19:30:43,172 [WARN] PackLoader:240 - Cannot read IP mode file for STMicroelectronics.X-CUBE-TCPP.4.1.0
2024-07-03 19:30:43,381 [WARN] PackLoader:240 - Cannot read IP mode file for STMicroelectronics.X-CUBE-AZRTOS-G0.1.1.0
2024-07-03 19:30:43,410 [WARN] PackLoader:240 - Cannot read IP mode file for STMicroelectronics.X-CUBE-SAFEA1.1.2.2
2024-07-03 19:30:43,417 [WARN] PackLoader:240 - Cannot read IP mode file for STMicroelectronics.X-CUBE-NFC4.3.0.0
2024-07-03 19:30:43,433 [WARN] PackLoader:240 - Cannot read IP mode file for STMicroelectronics.X-CUBE-BLEMGR.3.0.0
2024-07-03 19:30:43,442 [WARN] PackLoader:240 - Cannot read IP mode file for wolfSSL.I-CUBE-wolfSSL.5.7.0
2024-07-03 19:30:43,446 [WARN] PackLoader:240 - Cannot read IP mode file for STMicroelectronics.FP-ATR-SIGFOX1.3.2.0
2024-07-03 19:30:43,455 [WARN] PackLoader:240 - Cannot read IP mode file for STMicroelectronics.X-CUBE-EEPRMA1.5.1.0
2024-07-03 19:30:43,464 [WARN] PackLoader:240 - Cannot read IP mode file for ITTIA_DB.I-CUBE-ITTIADB.8.9.0
2024-07-03 19:30:43,511 [WARN] PackLoader:240 - Cannot read IP mode file for SEGGER.I-CUBE-embOS.1.3.1
2024-07-03 19:30:43,576 [WARN] PackLoader:240 - Cannot read IP mode file for STMicroelectronics.X-CUBE-ALGOBUILD.1.4.0
2024-07-03 19:30:43,623 [WARN] PackLoader:240 - Cannot read IP mode file for STMicroelectronics.X-CUBE-GNSS1.6.0.0
2024-07-03 19:30:43,720 [WARN] PackLoader:240 - Cannot read IP mode file for STMicroelectronics.X-CUBE-AZRTOS-F4.1.1.0
2024-07-03 19:30:43,846 [WARN] PackLoader:240 - Cannot read IP mode file for STMicroelectronics.X-CUBE-FREERTOS.1.2.0
2024-07-03 19:30:43,956 [WARN] PackLoader:240 - Cannot read IP mode file for STMicroelectronics.X-CUBE-AZRTOS-L5.2.0.0
2024-07-03 19:30:44,017 [WARN] PackLoader:240 - Cannot read IP mode file for STMicroelectronics.X-CUBE-EEPRMA1.4.2.0
2024-07-03 19:30:44,051 [INFO] WebApp:161 - Instantiating new browser for Auth
2024-07-03 19:30:44,086 [WARN] PackLoader:240 - Cannot read IP mode file for STMicroelectronics.X-CUBE-NFC6.3.1.0
2024-07-03 19:30:44,147 [WARN] PackLoader:240 - Cannot read IP mode file for STMicroelectronics.X-CUBE-AI.9.0.0
2024-07-03 19:30:44,247 [WARN] PackLoader:240 - Cannot read IP mode file for STMicroelectronics.X-CUBE-NFC7.1.0.1
2024-07-03 19:30:44,348 [WARN] PackLoader:240 - Cannot read IP mode file for STMicroelectronics.X-CUBE-AI.8.1.0
2024-07-03 19:30:44,438 [WARN] ConditionMgr:438 - getConditionDescription Invalid condition id : LAN8742 Phy interface Condition cause : null
2024-07-03 19:30:44,469 [WARN] PackLoader:240 - Cannot read IP mode file for STMicroelectronics.X-CUBE-AZRTOS-L4.2.0.0
2024-07-03 19:30:44,491 [WARN] ConditionMgr:1039 - genDependencies : Invalid condition id : LAN8742 Phy interface Condition cause : null
2024-07-03 19:30:44,512 [WARN] ConditionMgr:1039 - genDependencies : Invalid condition id : LAN8742 Phy interface Condition cause : null
2024-07-03 19:30:44,513 [WARN] ConditionMgr:1039 - genDependencies : Invalid condition id : LAN8742 Phy interface Condition cause : null
2024-07-03 19:30:44,602 [WARN] PackLoader:240 - Cannot read IP mode file for STMicroelectronics.X-CUBE-SFXS2LP1.4.0.0
2024-07-03 19:30:44,789 [WARN] ConditionMgr:438 - getConditionDescription Invalid condition id : UX DEVICE CLASS RTOS Condition cause : null
2024-07-03 19:30:44,825 [WARN] ConditionMgr:438 - getConditionDescription Invalid condition id : UX DEVICE CLASS RTOS Condition cause : null
2024-07-03 19:30:44,848 [WARN] PackLoader:240 - Cannot read IP mode file for STMicroelectronics.X-CUBE-AZRTOS-WB.2.0.0
2024-07-03 19:30:44,870 [WARN] ConditionMgr:1039 - genDependencies : Invalid condition id : UX DEVICE CLASS RTOS Condition cause : null
2024-07-03 19:30:44,891 [WARN] ConditionMgr:1039 - genDependencies : Invalid condition id : UX DEVICE CLASS RTOS Condition cause : null
2024-07-03 19:30:44,892 [WARN] ConditionMgr:1039 - genDependencies : Invalid condition id : UX DEVICE CLASS RTOS Condition cause : null
2024-07-03 19:30:44,915 [WARN] ConditionMgr:1039 - genDependencies : Invalid condition id : UX DEVICE CLASS RTOS Condition cause : null
2024-07-03 19:30:44,917 [WARN] ConditionMgr:1039 - genDependencies : Invalid condition id : UX DEVICE CLASS RTOS Condition cause : null
2024-07-03 19:30:45,008 [WARN] PackLoader:240 - Cannot read IP mode file for STMicroelectronics.X-CUBE-SUBG2.5.0.0
2024-07-03 19:30:45,069 [WARN] PackLoader:240 - Cannot read IP mode file for Cesanta.I-CUBE-Mongoose.7.13.0
2024-07-03 19:30:45,158 [WARN] PackLoader:240 - Cannot read IP mode file for STMicroelectronics.X-CUBE-AZRTOS-G4.2.0.0
2024-07-03 19:30:45,197 [WARN] PackLoader:240 - Cannot read IP mode file for STMicroelectronics.FP-SNS-MOTENVWB1.1.3.1
2024-07-03 19:30:45,240 [WARN] PackLoader:240 - Cannot read IP mode file for STMicroelectronics.X-CUBE-ISPU.2.0.0
2024-07-03 19:30:45,257 [INFO] WebApp:779 - Register for checkConnection events
2024-07-03 19:30:45,260 [INFO] WebApp:414 - Apply proxy settings
2024-07-03 19:30:45,264 [INFO] WebApp:459 - Chromium authenticates against Manually configured proxy
2024-07-03 19:30:45,284 [WARN] PackLoader:240 - Cannot read IP mode file for STMicroelectronics.X-CUBE-ALS.1.0.2
2024-07-03 19:30:45,290 [INFO] WebApp:467 - Username used for proxy authentication: 
2024-07-03 19:30:45,391 [WARN] PackLoader:240 - Cannot read IP mode file for STMicroelectronics.X-CUBE-MEMS1.10.0.0
2024-07-03 19:30:45,516 [WARN] PackLoader:240 - Cannot read IP mode file for STMicroelectronics.X-CUBE-FREERTOS.1.1.0
2024-07-03 19:30:45,558 [WARN] PackLoader:240 - Cannot read IP mode file for STMicroelectronics.X-CUBE-TOUCHGFX.4.24.0
2024-07-03 19:30:45,607 [INFO] WebApp:192 - Starting web application
2024-07-03 19:30:45,628 [INFO] WebApp:544 - Web application path used /Applications/STM32CubeIDE.app/Contents/Eclipse/plugins/com.st.stm32cube.common.mx_6.11.1.202404110753/db/plugins/mcufinder/reactClient1/index.html
2024-07-03 19:30:45,629 [WARN] PackLoader:240 - Cannot read IP mode file for portGmbH.I-Cube-SoM-uGOAL.1.1.0
2024-07-03 19:30:45,632 [WARN] PackLoader:240 - Cannot read IP mode file for STMicroelectronics.X-CUBE-ALS.1.0.1
2024-07-03 19:30:45,645 [WARN] PackLoader:240 - Cannot read IP mode file for STMicroelectronics.X-CUBE-AZRTOS-H7RS.1.0.0
2024-07-03 19:30:45,649 [WARN] PackLoader:240 - Cannot read IP mode file for STMicroelectronics.FP-ATR-ASTRA1.2.0.0
2024-07-03 19:30:45,658 [WARN] PackLoader:240 - Cannot read IP mode file for STMicroelectronics.X-CUBE-TOF1.3.4.1
2024-07-03 19:30:45,691 [WARN] PackLoader:240 - Cannot read IP mode file for STMicroelectronics.X-CUBE-AZRTOS-H7.3.2.0
2024-07-03 19:30:45,702 [WARN] PackLoader:240 - Cannot read IP mode file for Infineon.AIROC-Wi-Fi-Bluetooth-STM32.1.6.0
2024-07-03 19:30:45,705 [INFO] ThirdParty:978 - Integrity check success = true
2024-07-03 19:30:45,705 [INFO] IntegrityCheckThread:100 - exiting critical section [integrity check]
2024-07-03 19:30:45,705 [INFO] IntegrityCheckThread:103 - End integrity checks thread
2024-07-03 19:30:48,312 [ERROR] LogOutputStream:75 - [STDERR_REDIRECT] [Fatal Error] :2:10: DOCTYPE is disallowed when the feature "http://apache.org/xml/features/disallow-doctype-decl" set to true.
2024-07-03 19:30:48,323 [ERROR] LogOutputStream:75 - [STDERR_REDIRECT] 
2024-07-03 22:58:18,247 [ERROR] LogOutputStream:75 - [STDERR_REDIRECT] 
